=== sendLoginEmail() called for parcareyleon25@gmail.com at 2025-11-12T18:56:37+01:00 ===
SMTP skipped: host/user missing
=== sendLoginEmail() called for parcareyleon25@gmail.com at 2025-11-12T19:55:26+01:00 ===
SMTP skipped: host/user missing
=== sendLoginEmail() called for parcareyleon25@gmail.com at 2025-11-12T19:55:43+01:00 ===
SMTP skipped: host/user missing
=== sendLoginEmail() called for member3@gmail.com at 2025-11-14T16:14:28+01:00 ===
SMTP skipped: host/user missing
=== sendLoginEmail() called for stafftwo@gmail.com at 2025-11-14T18:42:23+01:00 ===
SMTP skipped: host/user missing
=== sendLoginEmail() called for member3@gmail.com at 2025-11-14T19:59:58+01:00 ===
SMTP skipped: host/user missing
=== sendLoginEmail() called for stafftwo@gmail.com at 2025-11-14T20:36:04+01:00 ===
SMTP skipped: host/user missing
=== sendLoginEmail() called for stafftwo@gmail.com at 2025-11-15T01:33:42+01:00 ===
SMTP skipped: host/user missing
=== sendLoginEmail() called for stafftwo@gmail.com at 2025-11-15T17:41:48+01:00 ===
SMTP skipped: host/user missing
=== sendLoginEmail() called for member3@gmail.com at 2025-11-15T18:21:58+01:00 ===
SMTP skipped: host/user missing
=== sendLoginEmail() called for member3@gmail.com at 2025-11-15T18:22:28+01:00 ===
SMTP skipped: host/user missing
=== sendLoginEmail() called for traner2@gmail.com at 2025-11-15T18:24:22+01:00 ===
SMTP skipped: host/user missing
=== sendLoginEmail() called for traner2@gmail.com at 2025-11-15T18:33:44+01:00 ===
SMTP skipped: host/user missing
=== sendLoginEmail() called for traner2@gmail.com at 2025-11-15T18:33:55+01:00 ===
SMTP skipped: host/user missing
=== sendLoginEmail() called for traner2@gmail.com at 2025-11-15T18:34:06+01:00 ===
SMTP skipped: host/user missing
=== sendLoginEmail() called for traner2@gmail.com at 2025-11-15T18:34:32+01:00 ===
SMTP skipped: host/user missing
=== sendLoginEmail() called for traner2@gmail.com at 2025-11-15T18:37:25+01:00 ===
SMTP skipped: host/user missing
=== sendLoginEmail() called for traner2@gmail.com at 2025-11-15T18:37:42+01:00 ===
SMTP skipped: host/user missing
